[2015.10.14-09.25.59:175][  0]Log file open, 10/14/15 11:25:59
[2015.10.14-09.25.59:175][  0]LogInit:Display: Running engine for game: WH0
[2015.10.14-09.25.59:175][  0]LogInit:Display: RandInit(365338472) SRandInit(365338473).
[2015.10.14-09.25.59:175][  0]LogTaskGraph: Started task graph with 4 named threads and 5 total threads.
[2015.10.14-09.25.59:175][  0]LogStats: Stats thread started at 0.063213
[2015.10.14-09.25.59:175][  0]LogInit: Version: 4.9.2-2707645+++depot+UE4-Releases+4.9
[2015.10.14-09.25.59:175][  0]LogInit: API Version: 2672455
[2015.10.14-09.25.59:175][  0]LogInit: Compiled (64-bit): Sep 28 2015 10:25:44
[2015.10.14-09.25.59:175][  0]LogInit: Compiled with Visual C++: 18.00.21005.01
[2015.10.14-09.25.59:175][  0]LogInit: Build Configuration: Development
[2015.10.14-09.25.59:175][  0]LogInit: Branch Name: ++depot+UE4-Releases+4.9
[2015.10.14-09.25.59:175][  0]LogInit: Command line: 
[2015.10.14-09.25.59:175][  0]LogInit: Base directory: D:/Program Files/Epic Games/4.9/Engine/Binaries/Win64/
[2015.10.14-09.25.59:175][  0]LogInit: Rocket: 1
[2015.10.14-09.25.59:187][  0]LogInit: Using libcurl 7.41.0
[2015.10.14-09.25.59:187][  0]LogInit:  - built for x86_64-pc-win32
[2015.10.14-09.25.59:187][  0]LogInit:  - supports SSL with WinSSL
[2015.10.14-09.25.59:187][  0]LogInit:  - other features:
[2015.10.14-09.25.59:187][  0]LogInit:      CURL_VERSION_SSL
[2015.10.14-09.25.59:187][  0]LogInit:      CURL_VERSION_IPV6
[2015.10.14-09.25.59:187][  0]LogInit:      CURL_VERSION_ASYNCHDNS
[2015.10.14-09.25.59:187][  0]LogInit:      CURL_VERSION_LARGEFILE
[2015.10.14-09.25.59:187][  0]LogInit:      CURL_VERSION_IDN
[2015.10.14-09.25.59:188][  0]LogInit:  CurlRequestOptions (configurable via config and command line):
[2015.10.14-09.25.59:188][  0]LogInit:  - bVerifyPeer = true  - Libcurl will verify peer certificate
[2015.10.14-09.25.59:188][  0]LogInit:  - bUseHttpProxy = false  - Libcurl will NOT use HTTP proxy
[2015.10.14-09.25.59:188][  0]LogInit:  - bDontReuseConnections = false  - Libcurl will reuse connections
[2015.10.14-09.25.59:188][  0]LogInit:  - CertBundlePath = nullptr  - Libcurl will use whatever was configured at build time.
[2015.10.14-09.25.59:199][  0]LogInit: Presizing for 0 objects not considered by GC, pre-allocating 0 bytes.
[2015.10.14-09.25.59:212][  0]LogInit: Object subsystem initialized
[2015.10.14-09.25.59:214][  0]LogInit: Selected Device Profile: [Windows]
[2015.10.14-09.25.59:214][  0]LogInit: Applying CVar settings loaded from the selected device profile: [Windows]
[2015.10.14-09.25.59:241][  0]LogInit: Computer: CLU14112
[2015.10.14-09.25.59:241][  0]LogInit: User: mcaprani
[2015.10.14-09.25.59:241][  0]LogInit: CPU Page size=4096, Cores=2
[2015.10.14-09.25.59:241][  0]LogInit: High frequency timer resolution =2.338333 MHz
[2015.10.14-09.25.59:241][  0]LogMemory: Memory total: Physical=15.9GB (16GB approx)
[2015.10.14-09.25.59:241][  0]LogMemory: Platform Memory Stats for Windows
[2015.10.14-09.25.59:241][  0]LogMemory: Process Physical Memory: 52.34 MB used, 52.34 MB peak
[2015.10.14-09.25.59:241][  0]LogMemory: Process Virtual Memory: 57.07 MB used, 57.07 MB peak
[2015.10.14-09.25.59:241][  0]LogMemory: Physical Memory: 9423.37 MB used, 16306.27 MB total
[2015.10.14-09.25.59:241][  0]LogMemory: Virtual Memory: 347.34 MB used, 134217728.00 MB total
[2015.10.14-09.25.59:300][  0]LogTextLocalizationManager: No translations for ('it-IT') exist, falling back to 'en' for localization and internationalization data.
[2015.10.14-09.26.00:295][  0]LogD3D11RHI: Found D3D11 adapter 0: NVIDIA GeForce 840M              (Feature Level 11_0)
[2015.10.14-09.26.00:295][  0]LogD3D11RHI: Adapter has 4006MB of dedicated video memory, 0MB of dedicated system memory, and 8153MB of shared system memory, 1 output[s]
[2015.10.14-09.26.00:399][  0]LogD3D11RHI: Found D3D11 adapter 1: Intel(R) HD Graphics 5500 (Feature Level 11_0)
[2015.10.14-09.26.00:399][  0]LogD3D11RHI: Adapter has 0MB of dedicated video memory, 0MB of dedicated system memory, and 3839MB of shared system memory, 0 output[s]
[2015.10.14-09.26.00:401][  0]LogD3D11RHI: Found D3D11 adapter 2: Microsoft Basic Render Driver (Feature Level 11_0)
[2015.10.14-09.26.00:401][  0]LogD3D11RHI: Adapter has 0MB of dedicated video memory, 0MB of dedicated system memory, and 256MB of shared system memory, 0 output[s]
[2015.10.14-09.26.00:401][  0]LogD3D11RHI: Chosen D3D11 Adapter Id = 0
[2015.10.14-09.26.00:407][  0]LogD3D11RHI: !Direct3DDevice
[2015.10.14-09.26.00:407][  0]LogRHI: Texture pool is 1361 MB (70% of 1945 MB)
[2015.10.14-09.26.00:425][  0]LogD3D11RHI: Async texture creation enabled
[2015.10.14-09.26.00:443][  0]LogShaderCompilers: Guid format shader working directory is 14 characters bigger than the processId version (C:/Users/m.caprani/Documents/Unreal Projects/WH0/Intermediate/Shaders/WorkingDirectory/13776/).
[2015.10.14-09.26.00:443][  0]LogShaderCompilers: Cleaned the shader compiler working directory 'C:/Users/m.caprani/Documents/Unreal Projects/WH0/Intermediate/Shaders/tmp/E10AA7874AD7FEF31AF36F992B56C41A/'.
[2015.10.14-09.26.00:443][  0]LogShaderCompilers:Display: Using Local Shader Compiler.
[2015.10.14-09.26.02:024][  0]LogTemp:Display: Loaded TP AllDesktopTargetPlatform
[2015.10.14-09.26.02:029][  0]LogTemp:Display: Loaded TP WindowsClientTargetPlatform
[2015.10.14-09.26.02:034][  0]LogTemp:Display: Loaded TP WindowsNoEditorTargetPlatform
[2015.10.14-09.26.02:039][  0]LogTemp:Display: Loaded TP WindowsServerTargetPlatform
[2015.10.14-09.26.02:045][  0]LogTemp:Display: Loaded TP WindowsTargetPlatform
[2015.10.14-09.26.02:050][  0]LogTemp:Display: Loaded TP AndroidTargetPlatform
[2015.10.14-09.26.02:054][  0]LogTemp:Display: Loaded TP Android_ASTCTargetPlatform
[2015.10.14-09.26.02:059][  0]LogTemp:Display: Loaded TP Android_ATCTargetPlatform
[2015.10.14-09.26.02:064][  0]LogTemp:Display: Loaded TP Android_DXTTargetPlatform
[2015.10.14-09.26.02:068][  0]LogTemp:Display: Loaded TP Android_ETC1TargetPlatform
[2015.10.14-09.26.02:073][  0]LogTemp:Display: Loaded TP Android_ETC2TargetPlatform
[2015.10.14-09.26.02:077][  0]LogTemp:Display: Loaded TP Android_PVRTCTargetPlatform
[2015.10.14-09.26.02:078][  0]LogTemp:Display: Loaded TP HTML5TargetPlatform
[2015.10.14-09.26.02:097][  0]LogTemp:Display: Loaded TP IOSTargetPlatform
[2015.10.14-09.26.02:102][  0]LogTemp:Display: Loaded TP LinuxNoEditorTargetPlatform
[2015.10.14-09.26.02:106][  0]LogTemp:Display: Loaded TP LinuxServerTargetPlatform
[2015.10.14-09.26.02:110][  0]LogTemp:Display: Loaded TP LinuxTargetPlatform
[2015.10.14-09.26.02:110][  0]LogTargetPlatformManager:Display: Building Assets For Windows
[2015.10.14-09.26.02:213][  0]LogDerivedDataCache:Display: Max Cache Size: 512 MB
[2015.10.14-09.26.02:277][  0]LogDerivedDataCache: Loaded boot cache 0.06s 41MB C:/Users/m.caprani/AppData/Local/UnrealEngine/4.9/DerivedDataCache/Boot.ddc.
[2015.10.14-09.26.02:277][  0]LogDerivedDataCache:Display: Loaded Boot cache: C:/Users/m.caprani/AppData/Local/UnrealEngine/4.9/DerivedDataCache/Boot.ddc
[2015.10.14-09.26.02:278][  0]LogDerivedDataCache: FDerivedDataBackendGraph:  Pak pak cache file C:/Users/m.caprani/Documents/Unreal Projects/WH0/DerivedDataCache/DDC.ddp not found, will not use a pak cache.
[2015.10.14-09.26.02:278][  0]LogDerivedDataCache: Unable to find inner node Pak for hierarchical cache Hierarchy.
[2015.10.14-09.26.02:278][  0]LogDerivedDataCache: FDerivedDataBackendGraph:  CompressedPak pak cache file C:/Users/m.caprani/Documents/Unreal Projects/WH0/DerivedDataCache/Compressed.ddp not found, will not use a pak cache.
[2015.10.14-09.26.02:278][  0]LogDerivedDataCache: Unable to find inner node CompressedPak for hierarchical cache Hierarchy.
[2015.10.14-09.26.02:435][  0]LogDerivedDataCache:Display: Pak cache opened for reading ../../../Engine/DerivedDataCache/Compressed.ddp.
[2015.10.14-09.26.02:450][  0]LogDerivedDataCache: Using Local data cache path C:/Users/m.caprani/AppData/Local/UnrealEngine/Common/DerivedDataCache: Writable
[2015.10.14-09.26.02:717][  0]LogInit: Selected Device Profile: [Windows]
[2015.10.14-09.26.02:720][  0]LogContentStreaming: Texture pool size is 0.000000MB
[2015.10.14-09.26.02:882][  0]LogMeshUtilities: No automatic mesh reduction module available
[2015.10.14-09.26.02:882][  0]LogMeshUtilities: No automatic mesh merging module available
[2015.10.14-09.26.03:168][  0]LogInit: WinSock: version 1.1 (2.2), MaxSocks=32767, MaxUdp=65467
[2015.10.14-09.26.04:291][  0]UdpMessaging: Initializing bridge on interface 0.0.0.0:0 to multicast group 230.0.0.1:6666.
[2015.10.14-09.26.04:397][  0]LogAssetRegistry: FAssetRegistry took 0.0113 seconds to start up
[2015.10.14-09.26.04:653][  0]SourceControl: Info Source control is disabled
[2015.10.14-09.26.04:675][  0]SourceControl: Info Source control is disabled
[2015.10.14-09.26.04:689][  0]SourceControl: Info Source control is disabled
[2015.10.14-09.26.04:702][  0]SourceControl: Info Source control is disabled
[2015.10.14-09.26.04:912][  0]LogLinker:Warning: Asset '../../../Engine/Plugins/Runtime/LeapMotionController/Content/LM_PassthroughMaterial.uasset' has been saved with empty engine version. The asset will be loaded but may be incompatible.
[2015.10.14-09.26.05:010][  0]LogObj: 28361 objects as part of root set at end of initial load.
[2015.10.14-09.26.05:010][  0]LogUObjectAllocator: 6038864 out of 0 bytes used by permanent object pool.
[2015.10.14-09.26.05:086][  0]LogEngine: Initializing Engine...
[2015.10.14-09.26.05:089][  0]LogHMD: Can't find Oculus library dev build: is proper Runtime installed? Version: 0.7.0.0
[2015.10.14-09.26.05:090][  0]LogHMD: SteamVR failed to initialize.  Err: 110
[2015.10.14-09.26.05:282][  0]LogAIModule: Creating AISystem for world NewWorld
[2015.10.14-09.26.05:288][  0]LogInit: XAudio2 using 'Speaker/HP (Realtek High Definition Audio)' : 2 channels at 48 kHz using 32 bits per sample (channel mask 0x3)
[2015.10.14-09.26.05:317][  0]LogInit: FAudioDevice initialized.
[2015.10.14-09.26.05:350][  0]LogDerivedDataCache: Saved boot cache 0.03s 41MB C:/Users/m.caprani/AppData/Local/UnrealEngine/4.9/DerivedDataCache/Boot.ddc.
[2015.10.14-09.26.05:355][  0]LogInit: Texture streaming: Enabled
[2015.10.14-09.26.05:362][  0]LogAnalytics: Creating configured Analytics provider AnalyticsET
[2015.10.14-09.26.05:362][  0]LogAnalytics: [UEEditor.Rocket.Release] APIServer = http://et2.epicgames.com/ET2/. AppVersion = 4.9.2-2707645+++depot+UE4-Releases+4.9
[2015.10.14-09.26.05:362][  0]LogAnalytics: [UEEditor.Rocket.Release] SetUserId 62af0dd94482392d436f23997a3b6944|33919256434e48ad981f9e00ec1fed0f|7ec17522-4370-4da0-ad90-48e9c8f5500d
[2015.10.14-09.26.05:362][  0]LogAnalytics: [UEEditor.Rocket.Release] AnalyticsET::StartSession
[2015.10.14-09.26.05:405][  0]LogInit: Transaction tracking system initialized
[2015.10.14-09.26.05:446][  0]BlueprintLog: New page: Editor Load
[2015.10.14-09.26.05:563][  0]LocalizationService: Info Localization service is disabled
[2015.10.14-09.26.05:666][  0]LogConsoleResponse:Display: 
[2015.10.14-09.26.05:990][  0]LogCook:Display: Done creating registry. It took  0.00s.
[2015.10.14-09.26.06:080][  0]LogFileCache: Scanning file cache for directory 'C:/Users/m.caprani/Documents/Unreal Projects/WH0/Content/' took 0.02s
[2015.10.14-09.26.06:080][  0]SourceControl: Info Source control is disabled
[2015.10.14-09.26.06:080][  0]Cmd: MAP LOAD FILE="../../../Engine/Content/Maps/Templates/Template_Default.umap" TEMPLATE=1 SHOWPROGRESS=1 FEATURELEVEL=3
[2015.10.14-09.26.06:081][  0]LightingResults: New page: Lighting Build
[2015.10.14-09.26.06:085][  0]MapCheck: New page: Map Check
[2015.10.14-09.26.06:085][  0]LightingResults: New page: Lighting Build
[2015.10.14-09.26.06:114][  0]LogParticles: Destroying 0 GPU particle simulations for FXSystem 0x000000C50E21E160
[2015.10.14-09.26.06:621][  0]LogAIModule: Creating AISystem for world Untitled_1
[2015.10.14-09.26.06:631][  0]LogEditorServer: Finished looking for orphan Actors (0.000 secs)
[2015.10.14-09.26.06:637][  0]Cmd: MAP CHECKDEP NOCLEARLOG
[2015.10.14-09.26.06:805][  0]MapCheck: Info Map check complete: 0 Error(s), 0 Warning(s), took 167.86ms to complete.
[2015.10.14-09.26.06:805][  0]LogFileHelpers: Loading map 'Template_Default' took 0.725
[2015.10.14-09.26.06:982][  0]LogCollectionManager: Loaded 0 collections in 0.002359 seconds
[2015.10.14-09.26.07:040][  0]LogFileCache: Scanning file cache for directory 'C:/Users/m.caprani/Documents/Unreal Projects/WH0/Saved/Collections/' took 0.01s
[2015.10.14-09.26.07:040][  0]LogFileCache: Scanning file cache for directory 'C:/Users/m.caprani/Documents/Unreal Projects/WH0/Content/Developers/mcaprani/Collections/' took 0.01s
[2015.10.14-09.26.07:040][  0]LogFileCache: Scanning file cache for directory 'C:/Users/m.caprani/Documents/Unreal Projects/WH0/Content/Collections/' took 0.01s
[2015.10.14-09.26.07:041][  0]LogContentBrowser: Native class hierarchy populated in 0.0130 seconds. Added 1867 classes and 333 folders.
[2015.10.14-09.26.07:059][  0]LogCollectionManager: Rebuilt the GUID cache for 0 collections in 0.000003 seconds
[2015.10.14-09.26.07:076][  0]LogContentBrowser: Native class hierarchy updated for 'WidgetCarousel' in 0.0008 seconds. Added 0 classes and 0 folders.
[2015.10.14-09.26.07:364][  0]LogContentBrowser: Native class hierarchy updated for 'AddContentDialog' in 0.0005 seconds. Added 0 classes and 0 folders.
[2015.10.14-09.26.07:370][  0]LogContentBrowser: Native class hierarchy updated for 'SceneOutliner' in 0.0005 seconds. Added 1 classes and 2 folders.
[2015.10.14-09.26.07:426][  0]LogCrashTracker: Crashtracker disabled due to settings.
[2015.10.14-09.26.07:435][  0]LogUObjectGlobals:Warning: Failed to find object 'Class None.'
[2015.10.14-09.26.07:461][  0]LogLoad: Full Startup: 9.02 seconds (BP compile: 0.09 seconds)
[2015.10.14-09.26.07:990][  0]LogContentStreaming: Texture pool size now 1000 MB
[2015.10.14-09.26.08:310][  0]LogRenderer: Reallocating scene render targets to support 1252x580 (Frame:2).
[2015.10.14-09.26.09:676][  5]LogAssetRegistry: Asset discovery search completed in 5.2911 seconds
[2015.10.14-09.26.09:676][  5]LogCollectionManager: Rebuilt the object cache for 0 collections in 0.000001 seconds (found 0 objects)
[2015.10.14-09.26.09:676][  5]LogCollectionManager: Fixed up redirectors for 0 collections in 0.000034 seconds (updated 0 objects)
[2015.10.14-09.26.16:428][ 96]LogTexture:Display: Building textures: qrcode (AutoDXT)
[2015.10.14-09.26.16:486][ 96]LogMaterial: Missing cached shader map for material qrcode_Mat, compiling. 
[2015.10.14-09.26.16:894][ 96]LogTexture:Display: Building textures: misc_WoodenCrate_2k_n (BC5)
[2015.10.14-09.26.18:370][ 96]LogTexture:Display: Building textures: misc_WoodenCrate_2k_mask (AutoDXT)
[2015.10.14-09.26.19:503][ 96]LogTexture:Display: Building textures: Brick_GuiBigCastleWall_2k_n (BC5)
[2015.10.14-09.26.20:892][ 96]LogTexture:Display: Building textures: Brick_GuiBigCastleWall_2k_s (AutoDXT)
[2015.10.14-09.26.25:001][ 96]LogTexture:Display: Building textures: Brick_GuiBigCastleWall_2k_alb (AutoDXT)
[2015.10.14-09.26.37:393][ 96]LogTexture:Display: Building textures: Brick_GuiBigCastleWall_2k_h (AutoDXT)
[2015.10.14-09.26.39:704][ 96]LogMaterial: Missing cached shader map for material Brick_GuiBigCastleWall, compiling. 
[2015.10.14-09.26.39:776][ 96]LogTexture:Display: Building textures: HQ_Lightmap0_1 (AutoDXT)
[2015.10.14-09.26.40:254][ 96]LogTexture:Display: Building textures: HQ_Lightmap0_4 (AutoDXT)
[2015.10.14-09.26.42:107][ 96]LogTexture:Display: Building textures: HQ_Lightmap0_5 (AutoDXT)
[2015.10.14-09.26.43:722][ 96]LogTexture:Display: Building textures: HQ_Lightmap0_6 (AutoDXT)
[2015.10.14-09.26.45:530][ 96]LogTexture:Display: Building textures: HQ_Lightmap1_2 (AutoDXT)
[2015.10.14-09.26.47:466][ 96]LogTexture:Display: Building textures: HQ_Lightmap1_3 (AutoDXT)
[2015.10.14-09.26.49:403][ 96]LogTexture:Display: Building textures: HQ_Lightmap1_7 (AutoDXT)
[2015.10.14-09.26.51:184][ 96]LogTexture:Display: Building textures: HQ_Lightmap1_8 (AutoDXT)
[2015.10.14-09.26.51:238][ 96]LogTexture:Display: Building textures: LQ_Lightmap_0_1 (DXT1)
[2015.10.14-09.26.51:488][ 96]LogTexture:Display: Building textures: LQ_Lightmap_0_4 (DXT1)
[2015.10.14-09.26.53:148][ 96]LogTexture:Display: Building textures: LQ_Lightmap_0_5 (DXT1)
[2015.10.14-09.26.54:595][ 96]LogTexture:Display: Building textures: LQ_Lightmap_0_6 (DXT1)
[2015.10.14-09.26.55:844][ 96]LogTexture:Display: Building textures: LQ_Lightmap_1_2 (DXT1)
[2015.10.14-09.26.57:429][ 96]LogTexture:Display: Building textures: LQ_Lightmap_1_3 (DXT1)
[2015.10.14-09.26.59:037][ 96]LogTexture:Display: Building textures: LQ_Lightmap_1_7 (DXT1)
[2015.10.14-09.27.00:355][ 96]LogTexture:Display: Building textures: LQ_Lightmap_1_8 (DXT1)
[2015.10.14-09.27.00:402][ 96]LogTexture:Display: Building textures: SkyOcclusion0_1 (AutoDXT)
[2015.10.14-09.27.00:721][ 96]LogTexture:Display: Building textures: SkyOcclusion1_2 (AutoDXT)
[2015.10.14-09.27.01:930][ 96]LogTexture:Display: Building textures: SkyOcclusion1_3 (AutoDXT)
[2015.10.14-09.27.03:100][ 96]LogTexture:Display: Building textures: SkyOcclusion1_4 (AutoDXT)
[2015.10.14-09.27.04:248][ 96]LogTexture:Display: Building textures: SkyOcclusion1_5 (AutoDXT)
[2015.10.14-09.27.05:099][ 96]LogTexture:Display: Building textures: SkyOcclusion1_6 (AutoDXT)
[2015.10.14-09.27.05:978][ 96]LogTexture:Display: Building textures: SkyOcclusion1_7 (AutoDXT)
[2015.10.14-09.27.07:017][ 96]LogTexture:Display: Building textures: SkyOcclusion1_8 (AutoDXT)
[2015.10.14-09.27.07:042][ 96]LogTexture:Display: Building textures: ShadowMapTexture2D_11 (G8)
[2015.10.14-09.27.07:091][ 96]LogTexture:Display: Building textures: ShadowMapTexture2D_12 (G8)
[2015.10.14-09.27.07:295][ 96]LogTexture:Display: Building textures: ShadowMapTexture2D_13 (G8)
[2015.10.14-09.27.07:443][ 96]LogTexture:Display: Building textures: ShadowMapTexture2D_14 (G8)
[2015.10.14-09.27.07:690][ 96]LogTexture:Display: Building textures: misc_WoodenCrate_2k_h (AutoDXT)
[2015.10.14-09.27.09:557][ 96]LogTexture:Display: Building textures: misc_WoodenCrate_2k_g (AutoDXT)
[2015.10.14-09.27.13:252][ 96]LogTexture:Display: Building textures: misc_WoodenCrate_2k_ao (AutoDXT)
[2015.10.14-09.27.15:307][ 96]LogTexture:Display: Building textures: misc_WoodenCrate_2k_alb2 (AutoDXT)
[2015.10.14-09.27.24:641][ 96]LogMaterial: Missing cached shader map for material misc_WoodenCrate, compiling. 
[2015.10.14-09.27.24:933][ 96]LogTexture:Display: Building textures: Metal_ReinforcedGridWall_2k_s (AutoDXT)
[2015.10.14-09.27.29:842][ 96]LogTexture:Display: Building textures: Metal_ReinforcedGridWall_2k_n (BC5)
[2015.10.14-09.27.30:924][ 96]LogTexture:Display: Building textures: Metal_ReinforcedGridWall_2k_mask (AutoDXT)
[2015.10.14-09.27.31:935][ 96]LogTexture:Display: Building textures: Metal_ReinforcedGridWall_2k_g (AutoDXT)
[2015.10.14-09.27.33:527][ 96]LogTexture:Display: Building textures: Metal_ReinforcedGridWall_2k_ao (AutoDXT)
[2015.10.14-09.27.37:100][ 96]LogTexture:Display: Building textures: 4ChannelGrunge (AutoDXT)
[2015.10.14-09.27.46:707][ 96]LogMaterial: Missing cached shader map for material Metal_ReinforcedGridWall, compiling. 
[2015.10.14-09.27.46:957][ 96]LogTexture:Display: Building textures: Metal_BrushedSteel_2k_s (AutoDXT)
[2015.10.14-09.27.55:004][ 96]LogTexture:Display: Building textures: Metal_BrushedSteel_2k_n (BC5)
[2015.10.14-09.27.56:297][ 96]LogTexture:Display: Building textures: Metal_BrushedSteel_2k_g (AutoDXT)
[2015.10.14-09.27.58:290][ 96]LogMaterial: Missing cached shader map for material Metal_BrushedSteel, compiling. 
[2015.10.14-09.27.58:316][ 96]LogMaterial: Missing cached shader map for material brick_guiGen, compiling. 
[2015.10.14-09.27.58:338][ 96]LogAIModule: Creating AISystem for world M01
[2015.10.14-09.27.58:443][ 96]Cmd: MAP LOAD FILE="C:/Users/m.caprani/Documents/Unreal Projects/WH0/Content/M01.umap" TEMPLATE=0 SHOWPROGRESS=1 FEATURELEVEL=3
[2015.10.14-09.27.58:443][ 96]LightingResults: New page: Lighting Build
[2015.10.14-09.27.58:490][ 96]LoadErrors: New page: Loading map: M01.umap
[2015.10.14-09.27.58:491][ 96]MapCheck: New page: Map Check
[2015.10.14-09.27.58:491][ 96]LightingResults: New page: Lighting Build
[2015.10.14-09.27.58:528][ 96]LogParticles: Destroying 0 GPU particle simulations for FXSystem 0x000000C57CA0FA60
[2015.10.14-09.27.58:587][ 96]LogEditorServer: Finished looking for orphan Actors (0.000 secs)
[2015.10.14-09.27.58:674][ 96]Cmd: MAP CHECKDEP NOCLEARLOG
[2015.10.14-09.27.58:856][ 96]MapCheck: Info Map check complete: 0 Error(s), 0 Warning(s), took 181.97ms to complete.
[2015.10.14-09.27.58:857][ 96]LogFileHelpers: Loading map 'M01' took 0.416
[2015.10.14-09.37.45:687][988]LogBlueprintUserMessages: Early PlayInEditor Detection: Level '/Game/M01.M01:PersistentLevel' has LevelScriptBlueprint '/Game/M01.M01:PersistentLevel.M01' with GeneratedClass '/Game/M01.M01_C' with ClassGeneratedBy '/Game/M01.M01:PersistentLevel.M01'
[2015.10.14-09.37.45:687][988]LogPlayLevel: PlayLevel: No blueprints needed recompiling
[2015.10.14-09.37.45:688][988]PIE: New page: PIE session: M01 (Oct 14, 2015, 1:37:45 PM)
[2015.10.14-09.37.45:689][988]LogPlayLevel: Creating play world package: /Game/UEDPIE_0_M01
[2015.10.14-09.37.45:773][988]LogPlayLevel: PIE: StaticDuplicateObject took: (0.084392s)
[2015.10.14-09.37.45:774][988]LogAIModule: Creating AISystem for world M01
[2015.10.14-09.37.45:774][988]LogPlayLevel: PIE: World Init took: (0.000944s)
[2015.10.14-09.37.45:775][988]LogPlayLevel: PIE: Created PIE world by copying editor world from /Game/M01.M01 to /Game/UEDPIE_0_M01.M01 (0.086365s)
[2015.10.14-09.37.45:802][988]LogInit: XAudio2 using 'Speaker/HP (Realtek High Definition Audio)' : 2 channels at 48 kHz using 32 bits per sample (channel mask 0x3)
[2015.10.14-09.37.45:814][988]LogInit: FAudioDevice initialized.
[2015.10.14-09.37.45:867][988]LogWorld: Game class is 'GameMode'
[2015.10.14-09.37.45:994][988]LogWorld: Bringing World /Game/UEDPIE_0_M01.M01 up for play (max tick rate 60) at 2015.10.14-11.37.45
[2015.10.14-09.37.45:994][988]LogActor:Warning: GameSession /Game/UEDPIE_0_M01.M01:PersistentLevel.GameSession_0 has natively added scene component(s), but none of them were set as the actor's RootComponent - picking one arbitrarily
[2015.10.14-09.37.45:995][988]LogActor:Warning: GameNetworkManager /Game/UEDPIE_0_M01.M01:PersistentLevel.GameNetworkManager_0 has natively added scene component(s), but none of them were set as the actor's RootComponent - picking one arbitrarily
[2015.10.14-09.37.45:997][988]LogWorld: Bringing up level for play took: 0.127206
[2015.10.14-09.37.46:018][988]PIE: Info Play in editor start time for /Game/UEDPIE_0_M01 1.182
[2015.10.14-09.37.46:018][988]LogBlueprintUserMessages: Late PlayInEditor Detection: Level '/Game/M01.M01:PersistentLevel' has LevelScriptBlueprint '/Game/M01.M01:PersistentLevel.M01' with GeneratedClass '/Game/M01.M01_C' with ClassGeneratedBy '/Game/M01.M01:PersistentLevel.M01'
[2015.10.14-09.38.15:651][961]LogBlueprintUserMessages: Early EndPlayMap Detection: Level '/Game/M01.M01:PersistentLevel' has LevelScriptBlueprint '/Game/M01.M01:PersistentLevel.M01' with GeneratedClass '/Game/M01.M01_C' with ClassGeneratedBy '/Game/M01.M01:PersistentLevel.M01'
[2015.10.14-09.38.15:711][961]LogBlueprintUserMessages: Late EndPlayMap Detection: Level '/Game/M01.M01:PersistentLevel' has LevelScriptBlueprint '/Game/M01.M01:PersistentLevel.M01' with GeneratedClass '/Game/M01.M01_C' with ClassGeneratedBy '/Game/M01.M01:PersistentLevel.M01'
[2015.10.14-09.38.15:748][961]LogParticles: Destroying 0 GPU particle simulations for FXSystem 0x000000C545F4ECA0
[2015.10.14-09.38.25:245][245]LogEditorViewport: Clicking on Actor (LMB): PlayerStart (Player Start)
[2015.10.14-09.38.56:814][170]LogLinker:Warning: Asset '../../../Engine/Content/ArtTools/RenderToTexture/Macros/RenderToTextureMacros.uasset' has been saved with empty engine version. The asset will be loaded but may be incompatible.
[2015.10.14-09.38.57:531][170]LogContentBrowser: Native class hierarchy updated for 'BlueprintGraph' in 0.0008 seconds. Added 107 classes and 0 folders.
[2015.10.14-12.14.00:336][551]LogParticles: Destroying 0 GPU particle simulations for FXSystem 0x000000C545F8D620
[2015.10.14-12.14.00:336][551]LogParticles: Destroying 0 GPU particle simulations for FXSystem 0x000000C540E63880
[2015.10.14-12.14.00:339][551]LogParticles: Destroying 0 GPU particle simulations for FXSystem 0x000000C540E60400
[2015.10.14-12.14.00:691][552]Cmd: QUIT_EDITOR
[2015.10.14-12.14.01:089][552]LogWindowsTextInputMethodSystem:Display: IME system now deactivated.
[2015.10.14-12.14.01:249][552]LogExit: Preparing to exit.
[2015.10.14-12.14.01:666][552]LogExit: Editor shut down
[2015.10.14-12.14.01:666][552]LogExit: Transaction tracking system shut down
[2015.10.14-12.14.01:667][552]LogParticles: Destroying 0 GPU particle simulations for FXSystem 0x000000C57C8F2B60
[2015.10.14-12.14.01:668][552]LogParticles: Destroying 0 GPU particle simulations for FXSystem 0x000000C57BD6AE80
[2015.10.14-12.14.01:668][552]LogParticles: Destroying 0 GPU particle simulations for FXSystem 0x000000C50B611F80
[2015.10.14-12.14.01:668][552]LogParticles: Destroying 0 GPU particle simulations for FXSystem 0x000000C52C3472E0
[2015.10.14-12.14.01:671][552]LogParticles: Destroying 0 GPU particle simulations for FXSystem 0x000000C57C8F22A0
[2015.10.14-12.14.01:931][552]LogExit: Object subsystem successfully closed.
[2015.10.14-12.14.01:943][552]LogD3D11RHI: Shutdown
[2015.10.14-12.14.01:943][552]LogD3D11RHI: CleanupD3DDevice
[2015.10.14-12.14.01:947][552]LogD3D11RHI: ~FD3D11DynamicRHI
[2015.10.14-12.14.02:088][552]LogModuleManager: Shutting down and abandoning module SequencerWidgets (199)
[2015.10.14-12.14.02:088][552]LogModuleManager: Shutting down and abandoning module BlueprintGraph (198)
[2015.10.14-12.14.02:088][552]LogModuleManager: Shutting down and abandoning module CrashTracker (197)
[2015.10.14-12.14.02:088][552]LogModuleManager: Shutting down and abandoning module SceneOutliner (196)
[2015.10.14-12.14.02:088][552]LogModuleManager: Shutting down and abandoning module SuperSearch (195)
[2015.10.14-12.14.02:088][552]LogModuleManager: Shutting down and abandoning module WidgetCarousel (194)
[2015.10.14-12.14.02:088][552]LogModuleManager: Shutting down and abandoning module AddContentDialog (193)
[2015.10.14-12.14.02:091][552]LogModuleManager: Shutting down and abandoning module EditorWidgets (192)
[2015.10.14-12.14.02:091][552]LogModuleManager: Shutting down and abandoning module CollectionManager (191)
[2015.10.14-12.14.02:092][552]LogModuleManager: Shutting down and abandoning module StatsViewer (190)
[2015.10.14-12.14.02:092][552]LogModuleManager: Shutting down and abandoning module FoliageEdit (189)
[2015.10.14-12.14.02:092][552]LogModuleManager: Shutting down and abandoning module LandscapeEditor (188)
[2015.10.14-12.14.02:092][552]LogModuleManager: Shutting down and abandoning module ActorPickerMode (187)
[2015.10.14-12.14.02:092][552]LogModuleManager: Shutting down and abandoning module GeometryMode (186)
[2015.10.14-12.14.02:092][552]LogModuleManager: Shutting down and abandoning module TextureAlignMode (185)
[2015.10.14-12.14.02:092][552]LogModuleManager: Shutting down and abandoning module BspMode (184)
[2015.10.14-12.14.02:092][552]LogModuleManager: Shutting down and abandoning module PlacementMode (183)
[2015.10.14-12.14.02:092][552]LogModuleManager: Shutting down and abandoning module AutomationWorker (182)
[2015.10.14-12.14.02:092][552]LogModuleManager: Shutting down and abandoning module CharacterAI (181)
[2015.10.14-12.14.02:092][552]LogModuleManager: Shutting down and abandoning module SmartSnapping (180)
[2015.10.14-12.14.02:092][552]LogModuleManager: Shutting down and abandoning module ViewportSnapping (179)
[2015.10.14-12.14.02:092][552]LogModuleManager: Shutting down and abandoning module LogVisualizer (178)
[2015.10.14-12.14.02:092][552]LogModuleManager: Shutting down and abandoning module GameProjectGeneration (177)
[2015.10.14-12.14.02:092][552]LogModuleManager: Shutting down and abandoning module IntroTutorials (176)
[2015.10.14-12.14.02:092][552]LogModuleManager: Shutting down and abandoning module EditorLiveStreaming (175)
[2015.10.14-12.14.02:092][552]LogModuleManager: Shutting down and abandoning module IOSPlatformEditor (174)
[2015.10.14-12.14.02:092][552]LogModuleManager: Shutting down and abandoning module HTML5PlatformEditor (173)
[2015.10.14-12.14.02:092][552]LogModuleManager: Shutting down and abandoning module AndroidDeviceDetection (172)
[2015.10.14-12.14.02:523][552]LogModuleManager: Shutting down and abandoning module AndroidPlatformEditor (171)
[2015.10.14-12.14.02:523][552]LogModuleManager: Shutting down and abandoning module IOSRuntimeSettings (170)
[2015.10.14-12.14.02:523][552]LogModuleManager: Shutting down and abandoning module AndroidRuntimeSettings (169)
[2015.10.14-12.14.02:523][552]LogModuleManager: Shutting down and abandoning module MergeActors (168)
[2015.10.14-12.14.02:523][552]LogModuleManager: Shutting down and abandoning module SizeMap (167)
[2015.10.14-12.14.02:523][552]LogModuleManager: Shutting down and abandoning module TreeMap (166)
[2015.10.14-12.14.02:523][552]LogModuleManager: Shutting down and abandoning module ReferenceViewer (165)
[2015.10.14-12.14.02:523][552]LogModuleManager: Shutting down and abandoning module LocalizationService (164)
[2015.10.14-12.14.02:523][552]LogModuleManager: Shutting down and abandoning module LocalizationDashboard (163)
[2015.10.14-12.14.02:523][552]LogModuleManager: Shutting down and abandoning module HardwareTargeting (162)
[2015.10.14-12.14.02:523][552]LogModuleManager: Shutting down and abandoning module DeviceProfileEditor (161)
[2015.10.14-12.14.02:523][552]LogModuleManager: Shutting down and abandoning module UndoHistory (160)
[2015.10.14-12.14.02:523][552]LogModuleManager: Shutting down and abandoning module GameplayTagsEditor (159)
[2015.10.14-12.14.02:523][552]LogModuleManager: Shutting down and abandoning module UserFeedback (158)
[2015.10.14-12.14.02:523][552]LogModuleManager: Shutting down and abandoning module XmlParser (157)
[2015.10.14-12.14.02:523][552]LogModuleManager: Shutting down and abandoning module Blutility (156)
[2015.10.14-12.14.02:523][552]LogModuleManager: Shutting down and abandoning module ProjectTargetPlatformEditor (155)
[2015.10.14-12.14.02:523][552]LogModuleManager: Shutting down and abandoning module ProjectSettingsViewer (154)
[2015.10.14-12.14.02:523][552]LogModuleManager: Shutting down and abandoning module InputBindingEditor (153)
[2015.10.14-12.14.02:524][552]LogModuleManager: Shutting down and abandoning module EditorSettingsViewer (152)
[2015.10.14-12.14.02:524][552]LogModuleManager: Shutting down and abandoning module SettingsEditor (151)
[2015.10.14-12.14.02:524][552]LogModuleManager: Shutting down and abandoning module ProjectLauncher (150)
[2015.10.14-12.14.02:524][552]LogModuleManager: Shutting down and abandoning module SessionFrontend (149)
[2015.10.14-12.14.02:524][552]LogModuleManager: Shutting down and abandoning module ProfilerClient (148)
[2015.10.14-12.14.02:524][552]LogModuleManager: Shutting down and abandoning module TargetDeviceServices (147)
[2015.10.14-12.14.02:524][552]LogModuleManager: Shutting down and abandoning module DeviceManager (146)
[2015.10.14-12.14.02:524][552]LogModuleManager: Shutting down and abandoning module AutomationController (145)
[2015.10.14-12.14.02:524][552]LogModuleManager: Shutting down and abandoning module AutomationWindow (144)
[2015.10.14-12.14.02:524][552]LogModuleManager: Shutting down and abandoning module Layers (143)
[2015.10.14-12.14.02:524][552]LogModuleManager: Shutting down and abandoning module ComponentVisualizers (142)
[2015.10.14-12.14.02:524][552]LogModuleManager: Shutting down and abandoning module DetailCustomizations (141)
[2015.10.14-12.14.02:524][552]LogModuleManager: Shutting down and abandoning module PackagesDialog (140)
[2015.10.14-12.14.02:524][552]LogModuleManager: Shutting down and abandoning module Persona (139)
[2015.10.14-12.14.02:524][552]LogModuleManager: Shutting down and abandoning module Kismet (138)
[2015.10.14-12.14.02:524][552]LogModuleManager: Shutting down and abandoning module GraphEditor (137)
[2015.10.14-12.14.02:524][552]LogModuleManager: Shutting down and abandoning module ClassViewer (136)
[2015.10.14-12.14.02:524][552]LogModuleManager: Shutting down and abandoning module Toolbox (135)
[2015.10.14-12.14.02:524][552]LogModuleManager: Shutting down and abandoning module ModuleUI (134)
[2015.10.14-12.14.02:524][552]LogModuleManager: Shutting down and abandoning module MovieSceneTools (133)
[2015.10.14-12.14.02:524][552]LogModuleManager: Shutting down and abandoning module OutputLog (132)
[2015.10.14-12.14.02:524][552]LogModuleManager: Shutting down and abandoning module GammaUI (131)
[2015.10.14-12.14.02:524][552]LogModuleManager: Shutting down and abandoning module Documentation (130)
[2015.10.14-12.14.02:524][552]LogModuleManager: Shutting down and abandoning module GameLiveStreaming (129)
[2015.10.14-12.14.02:524][552]LogModuleManager: Shutting down and abandoning module StreamingPauseRendering (128)
[2015.10.14-12.14.02:524][552]LogModuleManager: Shutting down and abandoning module AnalyticsET (127)
[2015.10.14-12.14.02:524][552]LogModuleManager: Shutting down and abandoning module Analytics (126)
[2015.10.14-12.14.02:524][552]LogModuleManager: Shutting down and abandoning module AITestSuite (125)
[2015.10.14-12.14.02:524][552]LogModuleManager: Shutting down and abandoning module GameplayDebugger (124)
[2015.10.14-12.14.02:524][552]LogModuleManager: Shutting down and abandoning module AIModule (123)
[2015.10.14-12.14.02:524][552]LogModuleManager: Shutting down and abandoning module ProfilerService (122)
[2015.10.14-12.14.02:745][552]LogModuleManager: Shutting down and abandoning module TaskGraph (121)
[2015.10.14-12.14.02:745][552]LogModuleManager: Shutting down and abandoning module SlateRemote (120)
[2015.10.14-12.14.02:745][552]LogModuleManager: Shutting down and abandoning module SteamVRController (119)
[2015.10.14-12.14.02:745][552]LogModuleManager: Shutting down and abandoning module SteamVR (118)
[2015.10.14-12.14.02:745][552]LogModuleManager: Shutting down and abandoning module ProceduralMeshComponent (117)
[2015.10.14-12.14.02:745][552]LogModuleManager: Shutting down and abandoning module OculusRift (116)
[2015.10.14-12.14.02:745][552]LogModuleManager: Shutting down and abandoning module OculusLibrary (115)
[2015.10.14-12.14.02:745][552]LogModuleManager: Shutting down and abandoning module LeapMotionController (114)
[2015.10.14-12.14.02:761][552]LogModuleManager: Shutting down and abandoning module CustomMeshComponent (113)
[2015.10.14-12.14.02:761][552]LogModuleManager: Shutting down and abandoning module CableComponent (112)
[2015.10.14-12.14.02:761][552]LogModuleManager: Shutting down and abandoning module ArchVisCharacter (111)
[2015.10.14-12.14.02:761][552]LogModuleManager: Shutting down and abandoning module MessagingDebugger (110)
[2015.10.14-12.14.02:761][552]LogModuleManager: Shutting down and abandoning module MediaPlayerEditor (109)
[2015.10.14-12.14.02:761][552]LogModuleManager: Shutting down and abandoning module HTML5Networking (108)
[2015.10.14-12.14.02:761][552]LogModuleManager: Shutting down and abandoning module SpeedTreeImporter (107)
[2015.10.14-12.14.02:761][552]LogModuleManager: Shutting down and abandoning module PluginBrowser (106)
[2015.10.14-12.14.02:761][552]LogModuleManager: Shutting down and abandoning module EpicSurvey (105)
[2015.10.14-12.14.02:761][552]LogModuleManager: Shutting down and abandoning module DesktopPlatform (104)
[2015.10.14-12.14.02:761][552]LogModuleManager: Shutting down and abandoning module VisualStudioSourceCodeAccess (103)
[2015.10.14-12.14.02:761][552]LogModuleManager: Shutting down and abandoning module UObjectPlugin (102)
[2015.10.14-12.14.02:761][552]LogModuleManager: Shutting down and abandoning module SubversionSourceControl (101)
[2015.10.14-12.14.02:761][552]LogModuleManager: Shutting down and abandoning module PerforceSourceControl (100)
[2015.10.14-12.14.02:761][552]LogModuleManager: Shutting down and abandoning module SourceControl (99)
[2015.10.14-12.14.02:761][552]LogModuleManager: Shutting down and abandoning module GitSourceControl (98)
[2015.10.14-12.14.02:761][552]LogModuleManager: Shutting down and abandoning module LightPropagationVolumeEditor (97)
[2015.10.14-12.14.02:761][552]LogModuleManager: Shutting down and abandoning module PaperTiledImporter (96)
[2015.10.14-12.14.02:761][552]LogModuleManager: Shutting down and abandoning module PaperSpriteSheetImporter (95)
[2015.10.14-12.14.02:761][552]LogModuleManager: Shutting down and abandoning module MeshPaint (94)
[2015.10.14-12.14.02:761][552]LogModuleManager: Shutting down and abandoning module SlateReflector (93)
[2015.10.14-12.14.02:761][552]LogModuleManager: Shutting down and abandoning module HotReload (92)
[2015.10.14-12.14.02:761][552]LogModuleManager: Shutting down and abandoning module MainFrame (91)
[2015.10.14-12.14.02:761][552]LogModuleManager: Shutting down and abandoning module LevelEditor (90)
[2015.10.14-12.14.02:762][552]LogModuleManager: Shutting down and abandoning module DirectoryWatcher (89)
[2015.10.14-12.14.02:766][552]LogModuleManager: Shutting down and abandoning module AssetRegistry (88)
[2015.10.14-12.14.02:878][552]LogModuleManager: Shutting down and abandoning module ContentBrowser (87)
[2015.10.14-12.14.02:878][552]LogModuleManager: Shutting down and abandoning module Paper2DEditor (86)
[2015.10.14-12.14.02:878][552]LogModuleManager: Shutting down and abandoning module UdpMessaging (85)
[2015.10.14-12.14.02:979][552]LogModuleManager: Shutting down and abandoning module LightPropagationVolumeRuntime (84)
[2015.10.14-12.14.02:979][552]LogModuleManager: Shutting down and abandoning module Paper2D (83)
[2015.10.14-12.14.02:979][552]LogModuleManager: Shutting down and abandoning module WindowsMoviePlayer (82)
[2015.10.14-12.14.02:981][552]LogModuleManager: Shutting down and abandoning module Media (81)
[2015.10.14-12.14.02:981][552]LogModuleManager: Shutting down and abandoning module WmfMedia (80)
[2015.10.14-12.14.02:982][552]LogModuleManager: Shutting down and abandoning module OnlineBlueprintSupport (79)
[2015.10.14-12.14.02:982][552]LogModuleManager: Shutting down and abandoning module GameplayTasksEditor (78)
[2015.10.14-12.14.02:982][552]LogModuleManager: Shutting down and abandoning module PropertyEditor (77)
[2015.10.14-12.14.02:982][552]LogModuleManager: Shutting down and abandoning module BehaviorTreeEditor (76)
[2015.10.14-12.14.02:982][552]LogModuleManager: Shutting down and abandoning module FunctionalTesting (75)
[2015.10.14-12.14.02:982][552]LogModuleManager: Shutting down and abandoning module CollisionAnalyzer (74)
[2015.10.14-12.14.02:982][552]LogModuleManager: Shutting down and abandoning module WorkspaceMenuStructure (73)
[2015.10.14-12.14.02:982][552]LogModuleManager: Shutting down and abandoning module MessageLog (72)
[2015.10.14-12.14.02:982][552]LogModuleManager: Shutting down and abandoning module Sequencer (71)
[2015.10.14-12.14.02:982][552]LogModuleManager: Shutting down and abandoning module AssetTools (70)
[2015.10.14-12.14.02:982][552]LogModuleManager: Shutting down and abandoning module UMGEditor (69)
[2015.10.14-12.14.02:982][552]LogModuleManager: Shutting down and abandoning module UMG (68)
[2015.10.14-12.14.02:982][552]LogModuleManager: Shutting down and abandoning module Slate (67)
[2015.10.14-12.14.02:982][552]LogModuleManager: Shutting down and abandoning module EditorStyle (66)
[2015.10.14-12.14.02:984][552]LogModuleManager: Shutting down and abandoning module SessionServices (65)
[2015.10.14-12.14.02:984][552]LogModuleManager: Shutting down and abandoning module SourceCodeAccess (64)
[2015.10.14-12.14.02:984][552]LogModuleManager: Shutting down and abandoning module HeadMountedDisplay (63)
[2015.10.14-12.14.02:984][552]LogModuleManager: Shutting down and abandoning module XAudio2 (62)
[2015.10.14-12.14.02:984][552]LogModuleManager: Shutting down and abandoning module Networking (60)
[2015.10.14-12.14.02:984][552]LogModuleManager: Shutting down and abandoning module Core (59)
[2015.10.14-12.14.02:984][552]LogModuleManager: Shutting down and abandoning module KismetCompiler (58)
[2015.10.14-12.14.02:984][552]LogModuleManager: Shutting down and abandoning module PhysXFormats (57)
[2015.10.14-12.14.02:984][552]LogModuleManager: Shutting down and abandoning module MeshUtilities (56)
[2015.10.14-12.14.02:984][552]LogModuleManager: Shutting down and abandoning module CookingStats (55)
[2015.10.14-12.14.02:986][552]LogModuleManager: Shutting down and abandoning module DerivedDataCache (54)
[2015.10.14-12.14.03:072][552]LogDerivedDataCache: Shutdown
[2015.10.14-12.14.03:072][552]LogModuleManager: Shutting down and abandoning module ShaderFormatOpenGL (53)
[2015.10.14-12.14.03:072][552]LogModuleManager: Shutting down and abandoning module ShaderFormatD3D (52)
[2015.10.14-12.14.03:072][552]LogModuleManager: Shutting down and abandoning module MetalShaderFormat (51)
[2015.10.14-12.14.03:072][552]LogModuleManager: Shutting down and abandoning module TextureFormatUncompressed (50)
[2015.10.14-12.14.03:072][552]LogModuleManager: Shutting down and abandoning module TextureFormatPVR (49)
[2015.10.14-12.14.03:072][552]LogModuleManager: Shutting down and abandoning module TextureFormatIntelISPCTexComp (48)
[2015.10.14-12.14.03:072][552]LogModuleManager: Shutting down and abandoning module TextureFormatDXT (47)
[2015.10.14-12.14.03:072][552]LogModuleManager: Shutting down and abandoning module ImageWrapper (46)
[2015.10.14-12.14.03:072][552]LogModuleManager: Shutting down and abandoning module TextureFormatASTC (45)
[2015.10.14-12.14.03:072][552]LogModuleManager: Shutting down and abandoning module TextureFormatAndroid (44)
[2015.10.14-12.14.03:072][552]LogModuleManager: Shutting down and abandoning module AudioFormatOpus (43)
[2015.10.14-12.14.03:072][552]LogModuleManager: Shutting down and abandoning module AudioFormatOgg (42)
[2015.10.14-12.14.03:072][552]LogModuleManager: Shutting down and abandoning module AudioFormatADPCM (41)
[2015.10.14-12.14.03:072][552]LogModuleManager: Shutting down and abandoning module LinuxTargetPlatform (40)
[2015.10.14-12.14.03:072][552]LogModuleManager: Shutting down and abandoning module LinuxServerTargetPlatform (39)
[2015.10.14-12.14.03:072][552]LogModuleManager: Shutting down and abandoning module LinuxNoEditorTargetPlatform (38)
[2015.10.14-12.14.03:072][552]LogModuleManager: Shutting down and abandoning module Messaging (37)
[2015.10.14-12.14.03:072][552]LogModuleManager: Shutting down and abandoning module IOSTargetPlatform (36)
[2015.10.14-12.14.03:072][552]LogModuleManager: Shutting down and abandoning module HTML5TargetPlatform (35)
[2015.10.14-12.14.03:072][552]LogModuleManager: Shutting down and abandoning module Android_PVRTCTargetPlatform (34)
[2015.10.14-12.14.03:072][552]LogModuleManager: Shutting down and abandoning module Android_ETC2TargetPlatform (33)
[2015.10.14-12.14.03:072][552]LogModuleManager: Shutting down and abandoning module Android_ETC1TargetPlatform (32)
[2015.10.14-12.14.03:072][552]LogModuleManager: Shutting down and abandoning module Android_DXTTargetPlatform (31)
[2015.10.14-12.14.03:072][552]LogModuleManager: Shutting down and abandoning module Android_ATCTargetPlatform (30)
[2015.10.14-12.14.03:072][552]LogModuleManager: Shutting down and abandoning module Android_ASTCTargetPlatform (29)
[2015.10.14-12.14.03:072][552]LogModuleManager: Shutting down and abandoning module AndroidTargetPlatform (28)
[2015.10.14-12.14.03:072][552]LogModuleManager: Shutting down and abandoning module WindowsTargetPlatform (27)
[2015.10.14-12.14.03:072][552]LogModuleManager: Shutting down and abandoning module WindowsServerTargetPlatform (26)
[2015.10.14-12.14.03:072][552]LogModuleManager: Shutting down and abandoning module WindowsNoEditorTargetPlatform (25)
[2015.10.14-12.14.03:072][552]LogModuleManager: Shutting down and abandoning module WindowsClientTargetPlatform (24)
[2015.10.14-12.14.03:072][552]LogModuleManager: Shutting down and abandoning module AllDesktopTargetPlatform (23)
[2015.10.14-12.14.03:072][552]LogModuleManager: Shutting down and abandoning module TargetPlatform (22)
[2015.10.14-12.14.03:072][552]LogModuleManager: Shutting down and abandoning module InputCore (21)
[2015.10.14-12.14.03:072][552]LogModuleManager: Shutting down and abandoning module Settings (20)
[2015.10.14-12.14.03:072][552]LogModuleManager: Shutting down and abandoning module OnlineSubsystem (18)
[2015.10.14-12.14.03:072][552]LogModuleManager: Shutting down and abandoning module HTTP (17)
[2015.10.14-12.14.05:076][552]LogModuleManager: Shutting down and abandoning module XMPP (16)
[2015.10.14-12.14.05:076][552]LogModuleManager: Shutting down and abandoning module ExampleDeviceProfileSelector (15)
[2015.10.14-12.14.05:076][552]LogModuleManager: Shutting down and abandoning module TextureCompressor (14)
[2015.10.14-12.14.05:076][552]LogModuleManager: Shutting down and abandoning module ShaderCore (13)
[2015.10.14-12.14.05:076][552]LogModuleManager: Shutting down and abandoning module Landscape (12)
[2015.10.14-12.14.05:076][552]LogModuleManager: Shutting down and abandoning module SlateRHIRenderer (11)
[2015.10.14-12.14.05:080][552]LogModuleManager: Shutting down and abandoning module OpenGLDrv (10)
[2015.10.14-12.14.05:080][552]LogModuleManager: Shutting down and abandoning module D3D11RHI (9)
[2015.10.14-12.14.05:080][552]LogModuleManager: Shutting down and abandoning module AnimGraphRuntime (8)
[2015.10.14-12.14.05:080][552]LogModuleManager: Shutting down and abandoning module Renderer (7)
[2015.10.14-12.14.05:080][552]LogModuleManager: Shutting down and abandoning module Engine (6)
[2015.10.14-12.14.05:080][552]LogModuleManager: Shutting down and abandoning module CoreUObject (5)
[2015.10.14-12.14.05:080][552]LogModuleManager: Shutting down and abandoning module NetworkFile (4)
[2015.10.14-12.14.05:080][552]LogModuleManager: Shutting down and abandoning module StreamingFile (3)
[2015.10.14-12.14.05:080][552]LogModuleManager: Shutting down and abandoning module SandboxFile (2)
[2015.10.14-12.14.05:080][552]LogModuleManager: Shutting down and abandoning module PakFile (1)
[2015.10.14-12.14.05:080][552]LogExit: Exiting.
[2015.10.14-12.14.05:098][552]Log file closed, 10/14/15 14:14:05
