[2015.10.08-23.33.20:755][  0]Log file open, 10/09/15 01:33:20
[2015.10.08-23.33.20:755][  0]LogInit:Display: Running engine for game: WH0
[2015.10.08-23.33.20:755][  0]LogInit:Display: RandInit(0) SRandInit(0).
[2015.10.08-23.33.20:755][  0]LogTaskGraph: Started task graph with 4 named threads and 7 total threads.
[2015.10.08-23.33.20:755][  0]LogStats: Stats thread started at 0.095080
[2015.10.08-23.33.20:755][  0]LogInit: Version: 4.9.2-2707645+++depot+UE4-Releases+4.9
[2015.10.08-23.33.20:755][  0]LogInit: API Version: 2672455
[2015.10.08-23.33.20:755][  0]LogInit: Compiled (64-bit): Sep 28 2015 10:25:44
[2015.10.08-23.33.20:755][  0]LogInit: Compiled with Visual C++: 18.00.21005.01
[2015.10.08-23.33.20:755][  0]LogInit: Build Configuration: Development
[2015.10.08-23.33.20:755][  0]LogInit: Branch Name: ++depot+UE4-Releases+4.9
[2015.10.08-23.33.20:755][  0]LogInit: Command line:  /Temp/Autosaves/Game/UEDPCM01 -game -PIEVIACONSOLE -nomovie -ResX=640 -ResY=480 -BENCHMARK -FPS=30 -MATINEEAVICAPTURE=MatineeActor_2 -MATINEEPACKAGE=M01  -Multiprocess -rocket
[2015.10.08-23.33.20:755][  0]LogInit: Base directory: G:/Program Files/Epic Games/4.9/Engine/Binaries/Win64/
[2015.10.08-23.33.20:755][  0]LogInit: Rocket: 1
[2015.10.08-23.33.20:768][  0]LogInit: Using libcurl 7.41.0
[2015.10.08-23.33.20:768][  0]LogInit:  - built for x86_64-pc-win32
[2015.10.08-23.33.20:768][  0]LogInit:  - supports SSL with WinSSL
[2015.10.08-23.33.20:768][  0]LogInit:  - other features:
[2015.10.08-23.33.20:768][  0]LogInit:      CURL_VERSION_SSL
[2015.10.08-23.33.20:768][  0]LogInit:      CURL_VERSION_IPV6
[2015.10.08-23.33.20:768][  0]LogInit:      CURL_VERSION_ASYNCHDNS
[2015.10.08-23.33.20:768][  0]LogInit:      CURL_VERSION_LARGEFILE
[2015.10.08-23.33.20:768][  0]LogInit:      CURL_VERSION_IDN
[2015.10.08-23.33.20:768][  0]LogInit:  CurlRequestOptions (configurable via config and command line):
[2015.10.08-23.33.20:768][  0]LogInit:  - bVerifyPeer = true  - Libcurl will verify peer certificate
[2015.10.08-23.33.20:768][  0]LogInit:  - bUseHttpProxy = false  - Libcurl will NOT use HTTP proxy
[2015.10.08-23.33.20:768][  0]LogInit:  - bDontReuseConnections = false  - Libcurl will reuse connections
[2015.10.08-23.33.20:768][  0]LogInit:  - CertBundlePath = nullptr  - Libcurl will use whatever was configured at build time.
[2015.10.08-23.33.20:780][  0]LogInit: Presizing for 0 objects not considered by GC, pre-allocating 0 bytes.
[2015.10.08-23.33.20:790][  0]LogInit: Object subsystem initialized
[2015.10.08-23.33.20:791][  0]LogInit: Selected Device Profile: [Windows]
[2015.10.08-23.33.20:791][  0]LogInit: Applying CVar settings loaded from the selected device profile: [Windows]
[2015.10.08-23.33.20:799][  0]LogInit: Computer: NORB-PC
[2015.10.08-23.33.20:799][  0]LogInit: User: Marco
[2015.10.08-23.33.20:799][  0]LogInit: CPU Page size=4096, Cores=4
[2015.10.08-23.33.20:799][  0]LogInit: High frequency timer resolution =2.767281 MHz
[2015.10.08-23.33.20:799][  0]LogMemory: Memory total: Physical=6.0GB (6GB approx)
[2015.10.08-23.33.20:799][  0]LogMemory: Platform Memory Stats for Windows
[2015.10.08-23.33.20:799][  0]LogMemory: Process Physical Memory: 53.92 MB used, 53.92 MB peak
[2015.10.08-23.33.20:799][  0]LogMemory: Process Virtual Memory: 57.42 MB used, 57.42 MB peak
[2015.10.08-23.33.20:799][  0]LogMemory: Physical Memory: 4616.45 MB used, 6142.48 MB total
[2015.10.08-23.33.20:799][  0]LogMemory: Virtual Memory: 367.58 MB used, 134217728.00 MB total
[2015.10.08-23.33.20:855][  0]LogTextLocalizationManager: No translations for ('it-IT') exist, falling back to 'en' for localization and internationalization data.
[2015.10.08-23.33.21:706][  0]LogD3D11RHI: Found D3D11 adapter 0: NVIDIA GeForce GTX 460 (Feature Level 11_0)
[2015.10.08-23.33.21:706][  0]LogD3D11RHI: Adapter has 973MB of dedicated video memory, 0MB of dedicated system memory, and 3071MB of shared system memory, 1 output[s]
[2015.10.08-23.33.21:708][  0]LogD3D11RHI: Found D3D11 adapter 1: Microsoft Basic Render Driver (Feature Level 11_0)
[2015.10.08-23.33.21:708][  0]LogD3D11RHI: Adapter has 0MB of dedicated video memory, 0MB of dedicated system memory, and 3071MB of shared system memory, 0 output[s]
[2015.10.08-23.33.21:708][  0]LogD3D11RHI: Chosen D3D11 Adapter Id = 0
[2015.10.08-23.33.21:713][  0]LogD3D11RHI: !Direct3DDevice
[2015.10.08-23.33.21:713][  0]LogRHI: Texture pool is 681 MB (70% of 973 MB)
[2015.10.08-23.33.21:730][  0]LogD3D11RHI: Async texture creation enabled
[2015.10.08-23.33.21:748][  0]LogShaderCompilers: Guid format shader working directory is 15 characters bigger than the processId version (C:/Users/Marco/Documents/Unreal Projects/WH0/Intermediate/Shaders/WorkingDirectory/9600/).
[2015.10.08-23.33.21:748][  0]LogShaderCompilers: Cleaned the shader compiler working directory 'C:/Users/Marco/Documents/Unreal Projects/WH0/Intermediate/Shaders/tmp/0DCB971D473AEA9AFA60349BA367E5B8/'.
[2015.10.08-23.33.21:748][  0]LogShaderCompilers:Display: Using Local Shader Compiler.
[2015.10.08-23.33.23:761][  0]LogTemp:Display: Loaded TP AllDesktopTargetPlatform
[2015.10.08-23.33.23:774][  0]LogTemp:Display: Loaded TP WindowsClientTargetPlatform
[2015.10.08-23.33.23:781][  0]LogTemp:Display: Loaded TP WindowsNoEditorTargetPlatform
[2015.10.08-23.33.23:789][  0]LogTemp:Display: Loaded TP WindowsServerTargetPlatform
[2015.10.08-23.33.23:796][  0]LogTemp:Display: Loaded TP WindowsTargetPlatform
[2015.10.08-23.33.23:801][  0]LogTemp:Display: Loaded TP AndroidTargetPlatform
[2015.10.08-23.33.23:806][  0]LogTemp:Display: Loaded TP Android_ASTCTargetPlatform
[2015.10.08-23.33.23:811][  0]LogTemp:Display: Loaded TP Android_ATCTargetPlatform
[2015.10.08-23.33.23:816][  0]LogTemp:Display: Loaded TP Android_DXTTargetPlatform
[2015.10.08-23.33.23:821][  0]LogTemp:Display: Loaded TP Android_ETC1TargetPlatform
[2015.10.08-23.33.23:826][  0]LogTemp:Display: Loaded TP Android_ETC2TargetPlatform
[2015.10.08-23.33.23:831][  0]LogTemp:Display: Loaded TP Android_PVRTCTargetPlatform
[2015.10.08-23.33.23:832][  0]LogTemp:Display: Loaded TP HTML5TargetPlatform
[2015.10.08-23.33.23:871][  0]LogTemp:Display: Loaded TP IOSTargetPlatform
[2015.10.08-23.33.23:875][  0]LogTemp:Display: Loaded TP LinuxNoEditorTargetPlatform
[2015.10.08-23.33.23:880][  0]LogTemp:Display: Loaded TP LinuxServerTargetPlatform
[2015.10.08-23.33.23:886][  0]LogTemp:Display: Loaded TP LinuxTargetPlatform
[2015.10.08-23.33.23:886][  0]LogTargetPlatformManager:Display: Building Assets For Windows
[2015.10.08-23.33.24:231][  0]LogDerivedDataCache:Display: Max Cache Size: 512 MB
[2015.10.08-23.33.24:494][  0]LogDerivedDataCache: Loaded boot cache 0.26s 41MB C:/Users/Marco/AppData/Local/UnrealEngine/4.9/DerivedDataCache/Boot.ddc.
[2015.10.08-23.33.24:494][  0]LogDerivedDataCache:Display: Loaded Boot cache: C:/Users/Marco/AppData/Local/UnrealEngine/4.9/DerivedDataCache/Boot.ddc
[2015.10.08-23.33.24:495][  0]LogDerivedDataCache: FDerivedDataBackendGraph:  Pak pak cache file C:/Users/Marco/Documents/Unreal Projects/WH0/DerivedDataCache/DDC.ddp not found, will not use a pak cache.
[2015.10.08-23.33.24:495][  0]LogDerivedDataCache: Unable to find inner node Pak for hierarchical cache Hierarchy.
[2015.10.08-23.33.24:495][  0]LogDerivedDataCache: FDerivedDataBackendGraph:  CompressedPak pak cache file C:/Users/Marco/Documents/Unreal Projects/WH0/DerivedDataCache/Compressed.ddp not found, will not use a pak cache.
[2015.10.08-23.33.24:495][  0]LogDerivedDataCache: Unable to find inner node CompressedPak for hierarchical cache Hierarchy.
[2015.10.08-23.33.24:714][  0]LogDerivedDataCache:Display: Pak cache opened for reading ../../../Engine/DerivedDataCache/Compressed.ddp.
[2015.10.08-23.33.24:727][  0]LogDerivedDataCache: Using Local data cache path C:/Users/Marco/AppData/Local/UnrealEngine/Common/DerivedDataCache: Writable
[2015.10.08-23.33.28:416][  0]LogInit: Selected Device Profile: [Windows]
[2015.10.08-23.33.28:431][  0]LogContentStreaming: Texture pool size is 1000.000000MB
[2015.10.08-23.33.28:602][  0]LogMeshUtilities: No automatic mesh reduction module available
[2015.10.08-23.33.28:602][  0]LogMeshUtilities: No automatic mesh merging module available
[2015.10.08-23.33.28:981][  0]LogInit: WinSock: version 1.1 (2.2), MaxSocks=32767, MaxUdp=65467
[2015.10.08-23.33.30:052][  0]LogWindowsMoviePlayer: Unable to load movie: C:/Users/Marco/Documents/Unreal Projects/WH0/Content/Movies/Default_Startup.mp4
[2015.10.08-23.33.30:306][  0]SourceControl: Info Source control is disabled
[2015.10.08-23.33.30:306][  0]SourceControl: Info Source control is disabled
[2015.10.08-23.33.30:352][  0]SourceControl: Info Source control is disabled
[2015.10.08-23.33.30:605][  0]LogLinker:Warning: Asset '../../../Engine/Plugins/Runtime/LeapMotionController/Content/LM_PassthroughMaterial.uasset' has been saved with empty engine version. The asset will be loaded but may be incompatible.
[2015.10.08-23.33.30:849][  0]LogObj: 27669 objects as part of root set at end of initial load.
[2015.10.08-23.33.30:849][  0]LogUObjectAllocator: 5775696 out of 0 bytes used by permanent object pool.
[2015.10.08-23.33.31:110][  0]LogEngine: Initializing Engine...
[2015.10.08-23.33.31:113][  0]LogHMD: Can't find Oculus library dev build: is proper Runtime installed? Version: 0.7.0.0
[2015.10.08-23.33.31:151][  0]LogHMD: SteamVR failed to initialize.  Err: 110
[2015.10.08-23.33.31:302][  0]LogInit: Texture streaming: Enabled
[2015.10.08-23.33.31:490][  0]LogNet: Browse: /Temp/Autosaves/Game/UEDPCM01?Name=Player
[2015.10.08-23.33.31:498][  0]LogLoad: LoadMap: /Temp/Autosaves/Game/UEDPCM01?Name=Player
[2015.10.08-23.33.31:514][  0]LogParticles: Destroying 0 GPU particle simulations for FXSystem 0x000000AFF7CFAC00
[2015.10.08-23.33.31:525][  0]LogMemory: Platform Memory Stats for Windows
[2015.10.08-23.33.31:525][  0]LogMemory: Process Physical Memory: 365.78 MB used, 366.15 MB peak
[2015.10.08-23.33.31:525][  0]LogMemory: Process Virtual Memory: 409.96 MB used, 426.36 MB peak
[2015.10.08-23.33.31:525][  0]LogMemory: Physical Memory: 4882.96 MB used, 6142.48 MB total
[2015.10.08-23.33.31:525][  0]LogMemory: Virtual Memory: 954.49 MB used, 134217728.00 MB total
[2015.10.08-23.33.31:525][  0]LogMemory: 
[2015.10.08-23.33.31:525][  0]Allocator Stats for TBB: (not implemented)
[2015.10.08-23.33.32:092][  0]LogAIModule: Creating AISystem for world M01
[2015.10.08-23.33.32:093][  0]LogWorld: Game class is 'GameMode'
[2015.10.08-23.33.32:106][  0]LogWorld: Bringing World /Temp/Autosaves/Game/UEDPCM01.M01 up for play (max tick rate 0) at 2015.10.09-01.33.32
[2015.10.08-23.33.32:106][  0]LogWorld: Bringing up level for play took: 0.002140
[2015.10.08-23.33.32:109][  0]LogInit:Display: Game Engine Initialized.
[2015.10.08-23.33.32:390][  0]LogLoad: Full Startup: 12.13 seconds (BP compile: 0.06 seconds)
[2015.10.08-23.33.32:491][  0]LogRenderer: Reallocating scene render targets to support 256x256 (Frame:1).
[2015.10.08-23.33.32:534][  1]LogRenderer: Reallocating scene render targets to support 640x480 (Frame:2).
[2015.10.08-23.33.53:226][ 31]LogWindowsTextInputMethodSystem:Display: IME system now deactivated.
[2015.10.08-23.33.53:230][ 31]LogEngine: All Windows Closed
[2015.10.08-23.33.53:230][ 31]LogWindows: FPlatformMisc::RequestExit(0)
[2015.10.08-23.33.54:168][ 32]LogExit: Preparing to exit.
[2015.10.08-23.33.54:464][ 32]LogExit: Game engine shut down
[2015.10.08-23.33.54:501][ 32]LogParticles: Destroying 0 GPU particle simulations for FXSystem 0x000000AFF4DD8400
[2015.10.08-23.33.55:361][ 32]LogExit: Object subsystem successfully closed.
[2015.10.08-23.33.55:574][ 32]LogD3D11RHI: Shutdown
[2015.10.08-23.33.55:574][ 32]LogD3D11RHI: CleanupD3DDevice
[2015.10.08-23.33.55:613][ 32]LogD3D11RHI: ~FD3D11DynamicRHI
[2015.10.08-23.33.55:914][ 32]LogModuleManager: Shutting down and abandoning module AndroidDeviceDetection (115)
[2015.10.08-23.33.56:122][ 32]LogModuleManager: Shutting down and abandoning module AutomationController (114)
[2015.10.08-23.33.56:132][ 32]LogModuleManager: Shutting down and abandoning module AutomationWorker (113)
[2015.10.08-23.33.56:142][ 32]LogModuleManager: Shutting down and abandoning module CharacterAI (112)
[2015.10.08-23.33.56:142][ 32]LogModuleManager: Shutting down and abandoning module AITestSuite (111)
[2015.10.08-23.33.56:147][ 32]LogModuleManager: Shutting down and abandoning module GameplayDebugger (110)
[2015.10.08-23.33.56:147][ 32]LogModuleManager: Shutting down and abandoning module AIModule (109)
[2015.10.08-23.33.56:147][ 32]LogModuleManager: Shutting down and abandoning module GameLiveStreaming (108)
[2015.10.08-23.33.56:152][ 32]LogModuleManager: Shutting down and abandoning module StreamingPauseRendering (107)
[2015.10.08-23.33.56:152][ 32]LogModuleManager: Shutting down and abandoning module ProfilerService (106)
[2015.10.08-23.33.56:285][ 32]LogModuleManager: Shutting down and abandoning module TaskGraph (105)
[2015.10.08-23.33.56:307][ 32]LogModuleManager: Shutting down and abandoning module SlateRemote (104)
[2015.10.08-23.33.56:307][ 32]LogModuleManager: Shutting down and abandoning module SteamVRController (103)
[2015.10.08-23.33.56:308][ 32]LogModuleManager: Shutting down and abandoning module SteamVR (102)
[2015.10.08-23.33.56:308][ 32]LogModuleManager: Shutting down and abandoning module ProceduralMeshComponent (101)
[2015.10.08-23.33.56:308][ 32]LogModuleManager: Shutting down and abandoning module OculusRift (100)
[2015.10.08-23.33.56:308][ 32]LogModuleManager: Shutting down and abandoning module OculusLibrary (99)
[2015.10.08-23.33.56:308][ 32]LogModuleManager: Shutting down and abandoning module LeapMotionController (98)
[2015.10.08-23.33.56:343][ 32]LogModuleManager: Shutting down and abandoning module CustomMeshComponent (97)
[2015.10.08-23.33.56:352][ 32]LogModuleManager: Shutting down and abandoning module CableComponent (96)
[2015.10.08-23.33.56:352][ 32]LogModuleManager: Shutting down and abandoning module ArchVisCharacter (95)
[2015.10.08-23.33.56:352][ 32]LogModuleManager: Shutting down and abandoning module HTML5Networking (94)
[2015.10.08-23.33.56:352][ 32]LogModuleManager: Shutting down and abandoning module DesktopPlatform (93)
[2015.10.08-23.33.56:353][ 32]LogModuleManager: Shutting down and abandoning module DirectoryWatcher (92)
[2015.10.08-23.33.56:353][ 32]LogModuleManager: Shutting down and abandoning module HotReload (91)
[2015.10.08-23.33.56:353][ 32]LogModuleManager: Shutting down and abandoning module VisualStudioSourceCodeAccess (90)
[2015.10.08-23.33.56:353][ 32]LogModuleManager: Shutting down and abandoning module UObjectPlugin (89)
[2015.10.08-23.33.56:353][ 32]LogModuleManager: Shutting down and abandoning module SubversionSourceControl (88)
[2015.10.08-23.33.56:354][ 32]LogModuleManager: Shutting down and abandoning module SourceControl (87)
[2015.10.08-23.33.56:368][ 32]LogModuleManager: Shutting down and abandoning module PerforceSourceControl (86)
[2015.10.08-23.33.56:383][ 32]LogModuleManager: Shutting down and abandoning module UdpMessaging (85)
[2015.10.08-23.33.56:383][ 32]LogModuleManager: Shutting down and abandoning module LightPropagationVolumeRuntime (84)
[2015.10.08-23.33.56:383][ 32]LogModuleManager: Shutting down and abandoning module Paper2D (83)
[2015.10.08-23.33.56:396][ 32]LogModuleManager: Shutting down and abandoning module WindowsMoviePlayer (82)
[2015.10.08-23.33.56:398][ 32]LogModuleManager: Shutting down and abandoning module Media (81)
[2015.10.08-23.33.56:398][ 32]LogModuleManager: Shutting down and abandoning module WmfMedia (80)
[2015.10.08-23.33.56:398][ 32]LogModuleManager: Shutting down and abandoning module OnlineBlueprintSupport (79)
[2015.10.08-23.33.56:398][ 32]LogModuleManager: Shutting down and abandoning module GameplayTasksEditor (78)
[2015.10.08-23.33.56:398][ 32]LogModuleManager: Shutting down and abandoning module PropertyEditor (77)
[2015.10.08-23.33.56:398][ 32]LogModuleManager: Shutting down and abandoning module BehaviorTreeEditor (76)
[2015.10.08-23.33.56:422][ 32]LogModuleManager: Shutting down and abandoning module FunctionalTesting (75)
[2015.10.08-23.33.56:422][ 32]LogModuleManager: Shutting down and abandoning module CollisionAnalyzer (74)
[2015.10.08-23.33.56:430][ 32]LogModuleManager: Shutting down and abandoning module WorkspaceMenuStructure (73)
[2015.10.08-23.33.56:430][ 32]LogModuleManager: Shutting down and abandoning module MessageLog (72)
[2015.10.08-23.33.56:430][ 32]LogModuleManager: Shutting down and abandoning module Sequencer (71)
[2015.10.08-23.33.56:442][ 32]LogModuleManager: Shutting down and abandoning module AssetTools (70)
[2015.10.08-23.33.56:463][ 32]LogModuleManager: Shutting down and abandoning module UMGEditor (69)
[2015.10.08-23.33.56:463][ 32]LogModuleManager: Shutting down and abandoning module UMG (68)
[2015.10.08-23.33.56:463][ 32]LogModuleManager: Shutting down and abandoning module Slate (67)
[2015.10.08-23.33.56:463][ 32]LogModuleManager: Shutting down and abandoning module EditorStyle (66)
[2015.10.08-23.33.56:465][ 32]LogModuleManager: Shutting down and abandoning module SessionServices (65)
[2015.10.08-23.33.56:465][ 32]LogModuleManager: Shutting down and abandoning module SourceCodeAccess (64)
[2015.10.08-23.33.56:465][ 32]LogModuleManager: Shutting down and abandoning module HeadMountedDisplay (63)
[2015.10.08-23.33.56:465][ 32]LogModuleManager: Shutting down and abandoning module XAudio2 (62)
[2015.10.08-23.33.56:465][ 32]LogModuleManager: Shutting down and abandoning module Networking (60)
[2015.10.08-23.33.56:465][ 32]LogModuleManager: Shutting down and abandoning module Core (59)
[2015.10.08-23.33.56:465][ 32]LogModuleManager: Shutting down and abandoning module KismetCompiler (58)
[2015.10.08-23.33.56:465][ 32]LogModuleManager: Shutting down and abandoning module PhysXFormats (57)
[2015.10.08-23.33.56:465][ 32]LogModuleManager: Shutting down and abandoning module MeshUtilities (56)
[2015.10.08-23.33.56:480][ 32]LogModuleManager: Shutting down and abandoning module CookingStats (55)
[2015.10.08-23.33.56:480][ 32]LogModuleManager: Shutting down and abandoning module DerivedDataCache (54)
[2015.10.08-23.33.56:725][ 32]LogDerivedDataCache: Shutdown
[2015.10.08-23.33.56:725][ 32]LogModuleManager: Shutting down and abandoning module ShaderFormatOpenGL (53)
[2015.10.08-23.33.56:736][ 32]LogModuleManager: Shutting down and abandoning module ShaderFormatD3D (52)
[2015.10.08-23.33.56:736][ 32]LogModuleManager: Shutting down and abandoning module MetalShaderFormat (51)
[2015.10.08-23.33.56:743][ 32]LogModuleManager: Shutting down and abandoning module TextureFormatUncompressed (50)
[2015.10.08-23.33.56:743][ 32]LogModuleManager: Shutting down and abandoning module TextureFormatPVR (49)
[2015.10.08-23.33.56:743][ 32]LogModuleManager: Shutting down and abandoning module TextureFormatIntelISPCTexComp (48)
[2015.10.08-23.33.56:743][ 32]LogModuleManager: Shutting down and abandoning module TextureFormatDXT (47)
[2015.10.08-23.33.56:743][ 32]LogModuleManager: Shutting down and abandoning module ImageWrapper (46)
[2015.10.08-23.33.56:743][ 32]LogModuleManager: Shutting down and abandoning module TextureFormatASTC (45)
[2015.10.08-23.33.56:743][ 32]LogModuleManager: Shutting down and abandoning module TextureFormatAndroid (44)
[2015.10.08-23.33.56:743][ 32]LogModuleManager: Shutting down and abandoning module AudioFormatOpus (43)
[2015.10.08-23.33.56:760][ 32]LogModuleManager: Shutting down and abandoning module AudioFormatOgg (42)
[2015.10.08-23.33.56:760][ 32]LogModuleManager: Shutting down and abandoning module AudioFormatADPCM (41)
[2015.10.08-23.33.56:760][ 32]LogModuleManager: Shutting down and abandoning module LinuxTargetPlatform (40)
[2015.10.08-23.33.56:760][ 32]LogModuleManager: Shutting down and abandoning module LinuxServerTargetPlatform (39)
[2015.10.08-23.33.56:764][ 32]LogModuleManager: Shutting down and abandoning module LinuxNoEditorTargetPlatform (38)
[2015.10.08-23.33.56:771][ 32]LogModuleManager: Shutting down and abandoning module Messaging (37)
[2015.10.08-23.33.56:771][ 32]LogModuleManager: Shutting down and abandoning module IOSTargetPlatform (36)
[2015.10.08-23.33.56:771][ 32]LogModuleManager: Shutting down and abandoning module HTML5TargetPlatform (35)
[2015.10.08-23.33.56:771][ 32]LogModuleManager: Shutting down and abandoning module Android_PVRTCTargetPlatform (34)
[2015.10.08-23.33.56:781][ 32]LogModuleManager: Shutting down and abandoning module Android_ETC2TargetPlatform (33)
[2015.10.08-23.33.56:791][ 32]LogModuleManager: Shutting down and abandoning module Android_ETC1TargetPlatform (32)
[2015.10.08-23.33.56:804][ 32]LogModuleManager: Shutting down and abandoning module Android_DXTTargetPlatform (31)
[2015.10.08-23.33.56:818][ 32]LogModuleManager: Shutting down and abandoning module Android_ATCTargetPlatform (30)
[2015.10.08-23.33.56:827][ 32]LogModuleManager: Shutting down and abandoning module Android_ASTCTargetPlatform (29)
[2015.10.08-23.33.56:840][ 32]LogModuleManager: Shutting down and abandoning module AndroidTargetPlatform (28)
[2015.10.08-23.33.56:854][ 32]LogModuleManager: Shutting down and abandoning module WindowsTargetPlatform (27)
[2015.10.08-23.33.56:854][ 32]LogModuleManager: Shutting down and abandoning module WindowsServerTargetPlatform (26)
[2015.10.08-23.33.56:866][ 32]LogModuleManager: Shutting down and abandoning module WindowsNoEditorTargetPlatform (25)
[2015.10.08-23.33.56:875][ 32]LogModuleManager: Shutting down and abandoning module WindowsClientTargetPlatform (24)
[2015.10.08-23.33.56:886][ 32]LogModuleManager: Shutting down and abandoning module AllDesktopTargetPlatform (23)
[2015.10.08-23.33.56:886][ 32]LogModuleManager: Shutting down and abandoning module TargetPlatform (22)
[2015.10.08-23.33.56:886][ 32]LogModuleManager: Shutting down and abandoning module InputCore (21)
[2015.10.08-23.33.56:886][ 32]LogModuleManager: Shutting down and abandoning module Settings (20)
[2015.10.08-23.33.56:887][ 32]LogModuleManager: Shutting down and abandoning module OnlineSubsystem (18)
[2015.10.08-23.33.56:887][ 32]LogModuleManager: Shutting down and abandoning module HTTP (17)
[2015.10.08-23.33.56:887][ 32]LogModuleManager: Shutting down and abandoning module XMPP (16)
[2015.10.08-23.33.56:907][ 32]LogModuleManager: Shutting down and abandoning module ExampleDeviceProfileSelector (15)
[2015.10.08-23.33.56:907][ 32]LogModuleManager: Shutting down and abandoning module TextureCompressor (14)
[2015.10.08-23.33.56:907][ 32]LogModuleManager: Shutting down and abandoning module ShaderCore (13)
[2015.10.08-23.33.56:908][ 32]LogModuleManager: Shutting down and abandoning module Landscape (12)
[2015.10.08-23.33.56:908][ 32]LogModuleManager: Shutting down and abandoning module SlateRHIRenderer (11)
[2015.10.08-23.33.56:923][ 32]LogModuleManager: Shutting down and abandoning module OpenGLDrv (10)
[2015.10.08-23.33.56:931][ 32]LogModuleManager: Shutting down and abandoning module D3D11RHI (9)
[2015.10.08-23.33.56:931][ 32]LogModuleManager: Shutting down and abandoning module AnimGraphRuntime (8)
[2015.10.08-23.33.56:931][ 32]LogModuleManager: Shutting down and abandoning module Renderer (7)
[2015.10.08-23.33.56:931][ 32]LogModuleManager: Shutting down and abandoning module Engine (6)
[2015.10.08-23.33.56:931][ 32]LogModuleManager: Shutting down and abandoning module CoreUObject (5)
[2015.10.08-23.33.56:931][ 32]LogModuleManager: Shutting down and abandoning module NetworkFile (4)
[2015.10.08-23.33.56:946][ 32]LogModuleManager: Shutting down and abandoning module StreamingFile (3)
[2015.10.08-23.33.56:946][ 32]LogModuleManager: Shutting down and abandoning module SandboxFile (2)
[2015.10.08-23.33.56:961][ 32]LogModuleManager: Shutting down and abandoning module PakFile (1)
[2015.10.08-23.33.56:974][ 32]LogExit: Exiting.
[2015.10.08-23.33.56:977][ 32]Log file closed, 10/09/15 01:33:56
